<?xml version="1.0" encoding="UTF-8"?>
<!-- Generated by org.testng.reporters.JUnitReportReporter -->
<testsuite hostname="NURPAVEL" failures="0" tests="1" name="helloWorld.myTest1" time="0.020" errors="0" timestamp="2024-08-15T17:43:55 IST" skipped="0">
  <testcase classname="helloWorld.myTest1" name="test1" time="0.020"/>
</testsuite> <!-- helloWorld.myTest1 -->
